<?xml version="1.0" encoding="UTF-8"?>
<!-- Generated by org.testng.reporters.JUnitXMLReporter -->
<testsuite ignored="0" hostname="DESKTOP-FHVJCI1" failures="0" tests="10" name="Parallel execution concept Test" time="0.113" errors="0" timestamp="2023-12-28T12:07:20 IST">
  <testcase classname="com.dru.qa.registration.testcases.TestClassTwo" name="testMethodEight" time="0.011"/>
  <testcase classname="com.dru.qa.registration.testcases.TestClassOne" name="testMethodFour" time="0.011"/>
  <testcase classname="com.dru.qa.registration.testcases.TestClassTwo" name="testMethodFive" time="0.002"/>
  <testcase classname="com.dru.qa.registration.testcases.TestClassOne" name="testMethodOne" time="0.007"/>
  <testcase classname="com.dru.qa.registration.testcases.TestClassOne" name="testMethodThree" time="0.006"/>
  <testcase classname="com.dru.qa.registration.testcases.TestClassOne" name="testMethodTwo" time="0.005"/>
  <testcase classname="com.dru.qa.registration.testcases.TestClassTwo" name="testMethodSeven" time="0.012"/>
  <testcase classname="com.dru.qa.registration.testcases.TestClassTwo" name="testMethodSix" time="0.003"/>
  <testcase classname="com.dru.qa.registration.testcases.TestClassThree" name="testMethodNine" time="0.008"/>
  <testcase classname="com.dru.qa.registration.testcases.TestClassThree" name="testMethodTen" time="0.003"/>
</testsuite> <!-- Parallel execution concept Test -->
