<?xml version="1.0" encoding="UTF-8"?>
<!-- Generated by org.testng.reporters.JUnitXMLReporter -->
<testsuite ignored="0" hostname="DESKTOP-FHVJCI1" failures="0" tests="3" name="Default test" time="15.193" errors="0" timestamp="2023-12-13T13:43:51 IST">
  <testcase classname="com.dru.qa.registration.testcases.LoginTest" name="validateTitle" time="0.127"/>
  <testcase classname="com.dru.qa.registration.testcases.LoginTest" name="validateLoginPage" time="0.287"/>
  <testcase classname="com.dru.qa.registration.testcases.LoginTest" name="loginToCredentials" time="3.937"/>
</testsuite> <!-- Default test -->
