<?xml version="1.0" encoding="UTF-8"?>
<!-- Generated by org.testng.reporters.JUnitXMLReporter -->
<testsuite ignored="0" hostname="DESKTOP-FHVJCI1" failures="1" tests="4" name="UserManagement" time="0.145" errors="0" timestamp="2023-12-26T16:32:37 IST">
  <testcase classname="com.dru.qa.registration.testcases.hyrpractise2" name="just" time="0.02"/>
  <testcase classname="com.dru.qa.registration.testcases.hyrpractise2" name="shipmenetcreate" time="0.005">
    <failure type="java.lang.ArithmeticException" message="/ by zero">
      <![CDATA[java.lang.ArithmeticException: / by zero
at com.dru.qa.registration.testcases.hyrpractise2.shipmenetcreate(hyrpractise2.java:9)
at java.base/java.util.ArrayList.forEach(ArrayList.java:1596)
... Removed 25 stack frames]]>
    </failure>
  </testcase> <!-- shipmenetcreate -->
  <testcase classname="com.dru.qa.registration.testcases.hyrpractise2" name="trackshipment" time="0.0">
    <skipped/>
  </testcase> <!-- trackshipment -->
  <testcase classname="com.dru.qa.registration.testcases.hyrpractise2" name="cancelshipment" time="0.0">
    <skipped/>
  </testcase> <!-- cancelshipment -->
</testsuite> <!-- UserManagement -->
