<?xml version="1.0" encoding="UTF-8"?>
<testng-results ignored="0" total="1" passed="1" failed="0" skipped="0">
  <reporter-output>
  </reporter-output>
  <suite started-at="2023-11-28T12:27:11 IST" name="Default suite" finished-at="2023-11-28T12:28:18 IST" duration-ms="67114">
    <groups>
    </groups>
    <test started-at="2023-11-28T12:27:11 IST" name="Default test" finished-at="2023-11-28T12:28:18 IST" duration-ms="67114">
      <class name="com.dru.qa.registration.testcases.UserManagementTest">
        <test-method is-config="true" signature="setup()[pri:0, instance:com.dru.qa.registration.testcases.UserManagementTest@2b662a77]" started-at="2023-11-28T12:27:11 IST" name="setup" finished-at="2023-11-28T12:27:53 IST" duration-ms="41968" status="PASS">
          <reporter-output>
          </reporter-output>
        </test-method> <!-- setup -->
        <test-method signature="validateUsers(java.lang.String,java.lang.String,java.lang.String,java.lang.String,java.lang.String,java.lang.String,java.lang.String)[pri:1, instance:com.dru.qa.registration.testcases.UserManagementTest@2b662a77]" started-at="2023-11-28T12:27:53 IST" name="validateUsers" description="Add new user" data-provider="getLRMTestData" finished-at="2023-11-28T12:28:17 IST" duration-ms="24190" status="PASS">
          <params>
            <param index="0">
              <value>
                <![CDATA[Mr.]]>
              </value>
            </param>
            <param index="1">
              <value>
                <![CDATA[silpa]]>
              </value>
            </param>
            <param index="2">
              <value>
                <![CDATA[Drucare]]>
              </value>
            </param>
            <param index="3">
              <value>
                <![CDATA[male]]>
              </value>
            </param>
            <param index="4">
              <value>
                <![CDATA[sagar@gmail.com]]>
              </value>
            </param>
            <param index="5">
              <value>
                <![CDATA[8.074003342E9]]>
              </value>
            </param>
            <param index="6">
              <value>
                <![CDATA[fullTimeConsultant]]>
              </value>
            </param>
          </params>
          <reporter-output>
          </reporter-output>
        </test-method> <!-- validateUsers -->
        <test-method is-config="true" signature="teardown()[pri:0, instance:com.dru.qa.registration.testcases.UserManagementTest@2b662a77]" started-at="2023-11-28T12:28:17 IST" name="teardown" finished-at="2023-11-28T12:28:18 IST" duration-ms="214" status="PASS">
          <reporter-output>
          </reporter-output>
        </test-method> <!-- teardown -->
      </class> <!-- com.dru.qa.registration.testcases.UserManagementTest -->
    </test> <!-- Default test -->
  </suite> <!-- Default suite -->
</testng-results>
