<?xml version="1.0" encoding="UTF-8"?>
<!-- Generated by org.testng.reporters.JUnitXMLReporter -->
<testsuite ignored="2" hostname="DESKTOP-FHVJCI1" failures="0" tests="0" name="User Management TestCase " time="0.113" errors="0" timestamp="2023-12-12T13:58:06 IST">
  <testcase classname="com.dru.qa.registration.testcases.LoginTest" name="validateTitle" time="0.0">
    <ignored/>
  </testcase> <!-- validateTitle -->
  <testcase classname="com.dru.qa.registration.testcases.LoginTest" name="validateLoginPage" time="0.0">
    <ignored/>
  </testcase> <!-- validateLoginPage -->
</testsuite> <!-- User Management TestCase  -->
